<?xml version="1.0" encoding="UTF-8"?>
<coverage generated="1534019953396" clover="3.2.0">
  <project timestamp="1534019953397" name="All files">
    <metrics statements="3" coveredstatements="2" conditionals="0" coveredconditionals="0" methods="1" coveredmethods="0" elements="4" coveredelements="2" complexity="0" loc="3" ncloc="3" packages="1" files="1" classes="1">
      <file name="app.tsx" path="/Users/wanderleyfilho/Documents/CedroWcaf/src/app.tsx">
        <metrics statements="3" coveredstatements="2" conditionals="0" coveredconditionals="0" methods="1" coveredmethods="0"/>
        <line num="4" count="1" type="stmt"/>
        <line num="16" count="0" type="stmt"/>
        <line num="32" count="1" type="stmt"/>
      </file>
    </metrics>
  </project>
</coverage>
