{"/Users/wanderleyfilho/Documents/CedroWcaf/src/app.tsx": {"path":"/Users/wanderleyfilho/Documents/CedroWcaf/src/app.tsx","statementMap":{"0":{"start":{"line":4,"column":21},"end":{"line":9,"column":2}},"1":{"start":{"line":16,"column":4},"end":{"line":28,"column":6}},"2":{"start":{"line":32,"column":15},"end":{"line":49,"column":2}}},"fnMap":{"0":{"name":"(anonymous_0)","decl":{"start":{"line":15,"column":2},"end":{"line":15,"column":7}},"loc":{"start":{"line":15,"column":8},"end":{"line":29,"column":3}}}},"branchMap":{},"s":{"0":1,"1":0,"2":1},"f":{"0":0},"b":{}}
}
